<?xml version="1.0" encoding="utf-8" standalone="no"?>
<test-results xmlns:xsi="http://www.w3.org/2001/XMLSchema-instance" xsi:noNamespaceSchemaLocation="nunit_schema_2.5.xsd" name="Pester" total="1004" errors="0" failures="9" not-run="0" inconclusive="0" ignored="2" skipped="0" invalid="0" date="2018-11-08" time="11:23:19">
  <environment user="Claudio" machine-name="CLMA1040" cwd="D:\_Studium\zSemester5\SA\GitRepo\SourceCode" user-domain="CLMA1040" platform="Microsoft Windows 10 Pro|C:\Windows|\Device\Harddisk0\Partition4" nunit-version="2.5.8.0" os-version="10.0.17134" clr-version="4.0.30319.42000" />
  <culture-info current-culture="en-US" current-uiculture="en-US" />
  <test-suite type="TestFixture" name="Pester" executed="True" result="Failure" success="False" time="184.3845" asserts="0" description="Pester">
    <results>
      <test-suite type="TestFixture" name="D:\_Studium\zSemester5\SA\GitRepo\SourceCode\Pester\Dependencies\Format\Format.Tests.ps1" executed="True" result="Success" success="True" time="2.8592" asserts="0" description="D:\_Studium\zSemester5\SA\GitRepo\SourceCode\Pester\Dependencies\Format\Format.Tests.ps1">
        <results>
          <test-suite type="TestFixture" name="Format-Collection" executed="True" result="Success" success="True" time="1.0952" asserts="0" description="Format-Collection">
            <results>
              <test-suite type="ParameterizedTest" name="Format-Collection.Formats collection of values '&lt;value&gt;' to '&lt;expected&gt;' using comma separator" executed="True" result="Success" success="True" time="1.0952" asserts="0" description="Formats collection of values '&lt;value&gt;' to '&lt;expected&gt;' using comma separator">
                <results>
                  <test-case description="Formats collection of values '@(1, 2, 3)' to '@(1, 2, 3)' using comma separator" name="Format-Collection.Formats collection of values '@(1, 2, 3)' to '@(1, 2, 3)' using comma separator" time="1.0952" asserts="0" success="True" result="Success" executed="True" />
                </results>
              </test-suite>
            </results>
          </test-suite>
          <test-suite type="TestFixture" name="Format-Number" executed="True" result="Success" success="True" time="0.5308" asserts="0" description="Format-Number">
            <results>
              <test-suite type="ParameterizedTest" name="Format-Number.Formats number to use . separator (tests anything only on non-english systems --todo)" executed="True" result="Success" success="True" time="0.5308" asserts="0" description="Formats number to use . separator (tests anything only on non-english systems --todo)">
                <results>
                  <test-case description="Formats number to use . separator (tests anything only on non-english systems --todo)" name="Format-Number.Formats number to use . separator (tests anything only on non-english systems --todo)(1.1)" time="0.4731" asserts="0" success="True" result="Success" executed="True" />
                  <test-case description="Formats number to use . separator (tests anything only on non-english systems --todo)" name="Format-Number.Formats number to use . separator (tests anything only on non-english systems --todo)(1.1)" time="0.0142" asserts="0" success="True" result="Success" executed="True" />
                  <test-case description="Formats number to use . separator (tests anything only on non-english systems --todo)" name="Format-Number.Formats number to use . separator (tests anything only on non-english systems --todo)(1.1)" time="0.0142" asserts="0" success="True" result="Success" executed="True" />
                  <test-case description="Formats number to use . separator (tests anything only on non-english systems --todo)" name="Format-Number.Formats number to use . separator (tests anything only on non-english systems --todo)(1.1)" time="0.0107" asserts="0" success="True" result="Success" executed="True" />
                  <test-case description="Formats number to use . separator (tests anything only on non-english systems --todo)" name="Format-Number.Formats number to use . separator (tests anything only on non-english systems --todo)(1.1)" time="0.0185" asserts="0" success="True" result="Success" executed="True" />
                </results>
              </test-suite>
            </results>
          </test-suite>
          <test-suite type="TestFixture" name="Format-Boolean" executed="True" result="Success" success="True" time="0.0743" asserts="0" description="Format-Boolean">
            <results>
              <test-suite type="ParameterizedTest" name="Format-Boolean.Formats boolean '&lt;value&gt;' to '&lt;expected&gt;'" executed="True" result="Success" success="True" time="0.0743" asserts="0" description="Formats boolean '&lt;value&gt;' to '&lt;expected&gt;'">
                <results>
                  <test-case description="Formats boolean '$true' to '$true'" name="Format-Boolean.Formats boolean '$true' to '$true'" time="0.0638" asserts="0" success="True" result="Success" executed="True" />
                  <test-case description="Formats boolean '$false' to '$false'" name="Format-Boolean.Formats boolean '$false' to '$false'" time="0.0105" asserts="0" success="True" result="Success" executed="True" />
                </results>
              </test-suite>
            </results>
          </test-suite>
          <test-suite type="TestFixture" name="Format-Null" executed="True" result="Success" success="True" time="0.0625" asserts="0" description="Format-Null">
            <results>
              <test-case description="Formats null to '$null'" name="Format-Null.Formats null to '$null'" time="0.0625" asserts="0" success="True" result="Success" executed="True" />
            </results>
          </test-suite>
          <test-suite type="TestFixture" name="Format-String" executed="True" result="Success" success="True" time="0.0939" asserts="0" description="Format-String">
            <results>
              <test-case description="Formats empty string to '&lt;empty&gt;'" name="Format-String.Formats empty string to '&lt;empty&gt;'" time="0.066" asserts="0" success="True" result="Success" executed="True" />
              <test-case description="Formats string to be sorrounded by quotes" name="Format-String.Formats string to be sorrounded by quotes" time="0.028" asserts="0" success="True" result="Success" executed="True" />
            </results>
          </test-suite>
          <test-suite type="TestFixture" name="Format-DateTime" executed="True" result="Success" success="True" time="0.0922" asserts="0" description="Format-DateTime">
            <results>
              <test-case description="Formats date to orderable format with ticks" name="Format-DateTime.Formats date to orderable format with ticks" time="0.0922" asserts="0" success="True" result="Success" executed="True" />
            </results>
          </test-suite>
          <test-suite type="TestFixture" name="Format-ScriptBlock" executed="True" result="Success" success="True" time="0.0797" asserts="0" description="Format-ScriptBlock">
            <results>
              <test-case description="Formats scriptblock as string with curly braces" name="Format-ScriptBlock.Formats scriptblock as string with curly braces" time="0.0797" asserts="0" success="True" result="Success" executed="True" />
            </results>
          </test-suite>
          <test-suite type="TestFixture" name="Format-Nicely" executed="True" result="Success" success="True" time="0.2524" asserts="0" description="Format-Nicely">
            <results>
              <test-suite type="ParameterizedTest" name="Format-Nicely.Formats value '&lt;value&gt;' correctly to '&lt;expected&gt;'" executed="True" result="Success" success="True" time="0.2524" asserts="0" description="Formats value '&lt;value&gt;' correctly to '&lt;expected&gt;'">
                <results>
                  <test-case description="Formats value '$null' correctly to '$null'" name="Format-Nicely.Formats value '$null' correctly to '$null'" time="0.0936" asserts="0" success="True" result="Success" executed="True" />
                  <test-case description="Formats value '$true' correctly to '$true'" name="Format-Nicely.Formats value '$true' correctly to '$true'" time="0.0104" asserts="0" success="True" result="Success" executed="True" />
                  <test-case description="Formats value '$false' correctly to '$false'" name="Format-Nicely.Formats value '$false' correctly to '$false'" time="0.0117" asserts="0" success="True" result="Success" executed="True" />
                  <test-case description="Formats value 'a' correctly to ''a''" name="Format-Nicely.Formats value 'a' correctly to ''a''" time="0.016" asserts="0" success="True" result="Success" executed="True" />
                  <test-case description="Formats value '&lt;empty&gt;' correctly to '&lt;empty&gt;'" name="Format-Nicely.Formats value '&lt;empty&gt;' correctly to '&lt;empty&gt;'" time="0.0171" asserts="0" success="True" result="Success" executed="True" />
                  <test-case description="Formats value '2018-02-18T17:35:41.8385266' correctly to '2018-02-18T17:35:41.8385266'" name="Format-Nicely.Formats value '2018-02-18T17:35:41.8385266' correctly to '2018-02-18T17:35:41.8385266'" time="0.0192" asserts="0" success="True" result="Success" executed="True" />
                  <test-case description="Formats value '1' correctly to '1'" name="Format-Nicely.Formats value '1' correctly to '1'" time="0.0274" asserts="0" success="True" result="Success" executed="True" />
                  <test-case description="Formats value '@(1, 2, 3)' correctly to '@(1, 2, 3)'" name="Format-Nicely.Formats value '@(1, 2, 3)' correctly to '@(1, 2, 3)'" time="0.0162" asserts="0" success="True" result="Success" executed="True" />
                  <test-case description="Formats value '1.1' correctly to '1.1'" name="Format-Nicely.Formats value '1.1' correctly to '1.1'" time="0.0127" asserts="0" success="True" result="Success" executed="True" />
                  <test-case description="Formats value '[int]' correctly to '[int]'" name="Format-Nicely.Formats value '[int]' correctly to '[int]'" time="0.0283" asserts="0" success="True" result="Success" executed="True" />
                </results>
              </test-suite>
            </results>
          </test-suite>
          <test-suite type="TestFixture" name="Format-Type" executed="True" result="Success" success="True" time="0.1479" asserts="0" description="Format-Type">
            <results>
              <test-suite type="ParameterizedTest" name="Format-Type.Given '&lt;value&gt;' it returns the correct shortened type name '&lt;expected&gt;'" executed="True" result="Success" success="True" time="0.1479" asserts="0" description="Given '&lt;value&gt;' it returns the correct shortened type name '&lt;expected&gt;'">
                <results>
                  <test-case description="Given '[int]' it returns the correct shortened type name 'int'" name="Format-Type.Given '[int]' it returns the correct shortened type name 'int'" time="0.0833" asserts="0" success="True" result="Success" executed="True" />
                  <test-case description="Given '[double]' it returns the correct shortened type name 'double'" name="Format-Type.Given '[double]' it returns the correct shortened type name 'double'" time="0.0179" asserts="0" success="True" result="Success" executed="True" />
                  <test-case description="Given '[string]' it returns the correct shortened type name 'string'" name="Format-Type.Given '[string]' it returns the correct shortened type name 'string'" time="0.0297" asserts="0" success="True" result="Success" executed="True" />
                  <test-case description="Given '$null' it returns the correct shortened type name '&lt;none&gt;'" name="Format-Type.Given '$null' it returns the correct shortened type name '&lt;none&gt;'" time="0.017" asserts="0" success="True" result="Success" executed="True" />
                </results>
              </test-suite>
            </results>
          </test-suite>
          <test-suite type="TestFixture" name="Get-ShortType" executed="True" result="Success" success="True" time="0.4302" asserts="0" description="Get-ShortType">
            <results>
              <test-suite type="ParameterizedTest" name="Get-ShortType.Given '&lt;value&gt;' it returns the correct shortened type name '&lt;expected&gt;'" executed="True" result="Success" success="True" time="0.4302" asserts="0" description="Given '&lt;value&gt;' it returns the correct shortened type name '&lt;expected&gt;'">
                <results>
                  <test-case description="Given '1' it returns the correct shortened type name 'int'" name="Get-ShortType.Given '1' it returns the correct shortened type name 'int'" time="0.1793" asserts="0" success="True" result="Success" executed="True" />
                  <test-case description="Given '1.1' it returns the correct shortened type name 'double'" name="Get-ShortType.Given '1.1' it returns the correct shortened type name 'double'" time="0.0336" asserts="0" success="True" result="Success" executed="True" />
                  <test-case description="Given 'a' it returns the correct shortened type name 'string'" name="Get-ShortType.Given 'a' it returns the correct shortened type name 'string'" time="0.0414" asserts="0" success="True" result="Success" executed="True" />
                  <test-case description="Given '$null' it returns the correct shortened type name '&lt;none&gt;'" name="Get-ShortType.Given '$null' it returns the correct shortened type name '&lt;none&gt;'" time="0.035" asserts="0" success="True" result="Success" executed="True" />
                  <test-case description="Given '@{Name=Jakub}' it returns the correct shortened type name 'PSObject'" name="Get-ShortType.Given '@{Name=Jakub}' it returns the correct shortened type name 'PSObject'" time="0.0748" asserts="0" success="True" result="Success" executed="True" />
                  <test-case description="Given '@(1, 2, 3)' it returns the correct shortened type name 'collection'" name="Get-ShortType.Given '@(1, 2, 3)' it returns the correct shortened type name 'collection'" time="0.066" asserts="0" success="True" result="Success" executed="True" />
                </results>
              </test-suite>
            </results>
          </test-suite>
        </results>
      </test-suite>
      <test-suite type="TestFixture" name="D:\_Studium\zSemester5\SA\GitRepo\SourceCode\Pester\Dependencies\TypeClass\TypeClass.Tests.ps1" executed="True" result="Success" success="True" time="1.9421" asserts="0" description="D:\_Studium\zSemester5\SA\GitRepo\SourceCode\Pester\Dependencies\TypeClass\TypeClass.Tests.ps1">
        <results>
          <test-suite type="TestFixture" name="Is-Value" executed="True" result="Success" success="True" time="0.5893" asserts="0" description="Is-Value">
            <results>
              <test-suite type="ParameterizedTest" name="Is-Value.Given '&lt;value&gt;', which is a value, string, enum, scriptblock or array with a single item of those types it returns $true" executed="True" result="Success" success="True" time="0.454" asserts="0" description="Given '&lt;value&gt;', which is a value, string, enum, scriptblock or array with a single item of those types it returns $true">
                <results>
                  <test-case description="Given '1', which is a value, string, enum, scriptblock or array with a single item of those types it returns $true" name="Is-Value.Given '1', which is a value, string, enum, scriptblock or array with a single item of those types it returns $true" time="0.3272" asserts="0" success="True" result="Success" executed="True" />
                  <test-case description="Given '2', which is a value, string, enum, scriptblock or array with a single item of those types it returns $true" name="Is-Value.Given '2', which is a value, string, enum, scriptblock or array with a single item of those types it returns $true" time="0.0144" asserts="0" success="True" result="Success" executed="True" />
                  <test-case description="Given '1.2', which is a value, string, enum, scriptblock or array with a single item of those types it returns $true" name="Is-Value.Given '1.2', which is a value, string, enum, scriptblock or array with a single item of those types it returns $true" time="0.0178" asserts="0" success="True" result="Success" executed="True" />
                  <test-case description="Given '1.3', which is a value, string, enum, scriptblock or array with a single item of those types it returns $true" name="Is-Value.Given '1.3', which is a value, string, enum, scriptblock or array with a single item of those types it returns $true" time="0.0103" asserts="0" success="True" result="Success" executed="True" />
                  <test-case description="Given 'abc', which is a value, string, enum, scriptblock or array with a single item of those types it returns $true" name="Is-Value.Given 'abc', which is a value, string, enum, scriptblock or array with a single item of those types it returns $true" time="0.0126" asserts="0" success="True" result="Success" executed="True" />
                  <test-case description="Given 'Monday', which is a value, string, enum, scriptblock or array with a single item of those types it returns $true" name="Is-Value.Given 'Monday', which is a value, string, enum, scriptblock or array with a single item of those types it returns $true" time="0.0198" asserts="0" success="True" result="Success" executed="True" />
                  <test-case description="Given 'abc', which is a value, string, enum, scriptblock or array with a single item of those types it returns $true" name="Is-Value.Given 'abc', which is a value, string, enum, scriptblock or array with a single item of those types it returns $true" time="0.0164" asserts="0" success="True" result="Success" executed="True" />
                  <test-case description="Given '1', which is a value, string, enum, scriptblock or array with a single item of those types it returns $true" name="Is-Value.Given '1', which is a value, string, enum, scriptblock or array with a single item of those types it returns $true" time="0.0189" asserts="0" success="True" result="Success" executed="True" />
                  <test-case description="Given '{abc}', which is a value, string, enum, scriptblock or array with a single item of those types it returns $true" name="Is-Value.Given '{abc}', which is a value, string, enum, scriptblock or array with a single item of those types it returns $true" time="0.0166" asserts="0" success="True" result="Success" executed="True" />
                </results>
              </test-suite>
              <test-case description="Given $null it returns $false" name="Is-Value.Given $null it returns $false" time="0.0236" asserts="0" success="True" result="Success" executed="True" />
              <test-suite type="ParameterizedTest" name="Is-Value.Given reference type (not string) '&lt;value&gt;' it returns $false" executed="True" result="Success" success="True" time="0.1117" asserts="0" description="Given reference type (not string) '&lt;value&gt;' it returns $false">
                <results>
                  <test-case description="Given reference type (not string) '@()' it returns $false" name="Is-Value.Given reference type (not string) '@()' it returns $false" time="0.0308" asserts="0" success="True" result="Success" executed="True" />
                  <test-case description="Given reference type (not string) '@(1, 2)' it returns $false" name="Is-Value.Given reference type (not string) '@(1, 2)' it returns $false" time="0.018" asserts="0" success="True" result="Success" executed="True" />
                  <test-case description="Given reference type (not string) 'System.Collections.Hashtable' it returns $false" name="Is-Value.Given reference type (not string) 'System.Collections.Hashtable' it returns $false" time="0.0148" asserts="0" success="True" result="Success" executed="True" />
                  <test-case description="Given reference type (not string) '[type]' it returns $false" name="Is-Value.Given reference type (not string) '[type]' it returns $false" time="0.0188" asserts="0" success="True" result="Success" executed="True" />
                  <test-case description="Given reference type (not string) 'System.Diagnostics.Process' it returns $false" name="Is-Value.Given reference type (not string) 'System.Diagnostics.Process' it returns $false" time="0.0293" asserts="0" success="True" result="Success" executed="True" />
                </results>
              </test-suite>
            </results>
          </test-suite>
          <test-suite type="TestFixture" name="Is-DecimalNumber" executed="True" result="Success" success="True" time="0.158" asserts="0" description="Is-DecimalNumber">
            <results>
              <test-suite type="ParameterizedTest" name="Is-DecimalNumber.Given a number it returns $true" executed="True" result="Success" success="True" time="0.1284" asserts="0" description="Given a number it returns $true">
                <results>
                  <test-case description="Given a number it returns $true" name="Is-DecimalNumber.Given a number it returns $true(1.1)" time="0.0773" asserts="0" success="True" result="Success" executed="True" />
                  <test-case description="Given a number it returns $true" name="Is-DecimalNumber.Given a number it returns $true(1.1)" time="0.0109" asserts="0" success="True" result="Success" executed="True" />
                  <test-case description="Given a number it returns $true" name="Is-DecimalNumber.Given a number it returns $true(1.1)" time="0.0147" asserts="0" success="True" result="Success" executed="True" />
                  <test-case description="Given a number it returns $true" name="Is-DecimalNumber.Given a number it returns $true(1.1)" time="0.0131" asserts="0" success="True" result="Success" executed="True" />
                  <test-case description="Given a number it returns $true" name="Is-DecimalNumber.Given a number it returns $true(1.1)" time="0.0124" asserts="0" success="True" result="Success" executed="True" />
                </results>
              </test-suite>
              <test-case description="Given a string it returns $false" name="Is-DecimalNumber.Given a string it returns $false" time="0.0296" asserts="0" success="True" result="Success" executed="True" />
            </results>
          </test-suite>
          <test-suite type="TestFixture" name="Is-ScriptBlock" executed="True" result="Success" success="True" time="0.1904" asserts="0" description="Is-ScriptBlock">
            <results>
              <test-suite type="ParameterizedTest" name="Is-ScriptBlock.Given a scriptblock '{&lt;value&gt;}' it returns $true" executed="True" result="Success" success="True" time="0.1112" asserts="0" description="Given a scriptblock '{&lt;value&gt;}' it returns $true">
                <results>
                  <test-case description="Given a scriptblock '{{}}' it returns $true" name="Is-ScriptBlock.Given a scriptblock '{{}}' it returns $true" time="0.0811" asserts="0" success="True" result="Success" executed="True" />
                  <test-case description="Given a scriptblock '{{abc}}' it returns $true" name="Is-ScriptBlock.Given a scriptblock '{{abc}}' it returns $true" time="0.0154" asserts="0" success="True" result="Success" executed="True" />
                  <test-case description="Given a scriptblock '{{ Get-Process }}' it returns $true" name="Is-ScriptBlock.Given a scriptblock '{{ Get-Process }}' it returns $true" time="0.0147" asserts="0" success="True" result="Success" executed="True" />
                </results>
              </test-suite>
              <test-suite type="ParameterizedTest" name="Is-ScriptBlock.Given a value '&lt;value&gt;' that is not a scriptblock it returns $false" executed="True" result="Success" success="True" time="0.0792" asserts="0" description="Given a value '&lt;value&gt;' that is not a scriptblock it returns $false">
                <results>
                  <test-case description="Given a value '$null' that is not a scriptblock it returns $false" name="Is-ScriptBlock.Given a value '$null' that is not a scriptblock it returns $false" time="0.0305" asserts="0" success="True" result="Success" executed="True" />
                  <test-case description="Given a value '1' that is not a scriptblock it returns $false" name="Is-ScriptBlock.Given a value '1' that is not a scriptblock it returns $false" time="0.0175" asserts="0" success="True" result="Success" executed="True" />
                  <test-case description="Given a value 'abc' that is not a scriptblock it returns $false" name="Is-ScriptBlock.Given a value 'abc' that is not a scriptblock it returns $false" time="0.0142" asserts="0" success="True" result="Success" executed="True" />
                  <test-case description="Given a value '[type]' that is not a scriptblock it returns $false" name="Is-ScriptBlock.Given a value '[type]' that is not a scriptblock it returns $false" time="0.0169" asserts="0" success="True" result="Success" executed="True" />
                </results>
              </test-suite>
            </results>
          </test-suite>
          <test-suite type="TestFixture" name="Is-Hashtable" executed="True" result="Success" success="True" time="0.1685" asserts="0" description="Is-Hashtable">
            <results>
              <test-suite type="ParameterizedTest" name="Is-Hashtable.Given hashtable '&lt;value&gt;' it returns $true" executed="True" result="Success" success="True" time="0.1175" asserts="0" description="Given hashtable '&lt;value&gt;' it returns $true">
                <results>
                  <test-case description="Given hashtable 'System.Collections.Hashtable' it returns $true" name="Is-Hashtable.Given hashtable 'System.Collections.Hashtable' it returns $true" time="0.0964" asserts="0" success="True" result="Success" executed="True" />
                  <test-case description="Given hashtable 'System.Collections.Hashtable' it returns $true" name="Is-Hashtable.Given hashtable 'System.Collections.Hashtable' it returns $true" time="0.0211" asserts="0" success="True" result="Success" executed="True" />
                </results>
              </test-suite>
              <test-suite type="ParameterizedTest" name="Is-Hashtable.Given a value '&lt;value&gt;' which is not a hashtable it returns $false" executed="True" result="Success" success="True" time="0.051" asserts="0" description="Given a value '&lt;value&gt;' which is not a hashtable it returns $false">
                <results>
                  <test-case description="Given a value 'Jakub' which is not a hashtable it returns $false" name="Is-Hashtable.Given a value 'Jakub' which is not a hashtable it returns $false" time="0.0314" asserts="0" success="True" result="Success" executed="True" />
                  <test-case description="Given a value '@(1, 2, 3, 4)' which is not a hashtable it returns $false" name="Is-Hashtable.Given a value '@(1, 2, 3, 4)' which is not a hashtable it returns $false" time="0.0196" asserts="0" success="True" result="Success" executed="True" />
                </results>
              </test-suite>
            </results>
          </test-suite>
          <test-suite type="TestFixture" name="Is-Dictionary" executed="True" result="Success" success="True" time="0.1863" asserts="0" description="Is-Dictionary">
            <results>
              <test-suite type="ParameterizedTest" name="Is-Dictionary.Given dictionary '&lt;value&gt;' it returns $true" executed="True" result="Success" success="True" time="0.1414" asserts="0" description="Given dictionary '&lt;value&gt;' it returns $true">
                <results>
                  <test-case description="Given dictionary 'System.Collections.Generic.Dictionary`2[System.String,System.Object]' it returns $true" name="Is-Dictionary.Given dictionary 'System.Collections.Generic.Dictionary`2[System.String,System.Object]' it returns $true" time="0.123" asserts="0" success="True" result="Success" executed="True" />
                  <test-case description="Given dictionary 'System.Collections.Generic.Dictionary`2[System.String,System.Object]' it returns $true" name="Is-Dictionary.Given dictionary 'System.Collections.Generic.Dictionary`2[System.String,System.Object]' it returns $true" time="0.0184" asserts="0" success="True" result="Success" executed="True" />
                </results>
              </test-suite>
              <test-suite type="ParameterizedTest" name="Is-Dictionary.Given a value '&lt;value&gt;' which is not a dictionary it returns $false" executed="True" result="Success" success="True" time="0.0449" asserts="0" description="Given a value '&lt;value&gt;' which is not a dictionary it returns $false">
                <results>
                  <test-case description="Given a value 'Jakub' which is not a dictionary it returns $false" name="Is-Dictionary.Given a value 'Jakub' which is not a dictionary it returns $false" time="0.0292" asserts="0" success="True" result="Success" executed="True" />
                  <test-case description="Given a value '@(1, 2, 3, 4)' which is not a dictionary it returns $false" name="Is-Dictionary.Given a value '@(1, 2, 3, 4)' which is not a dictionary it returns $false" time="0.0158" asserts="0" success="True" result="Success" executed="True" />
                </results>
              </test-suite>
            </results>
          </test-suite>
          <test-suite type="TestFixture" name="Is-Collection" executed="True" result="Success" success="True" time="0.6495" asserts="0" description="Is-Collection">
            <results>
              <test-suite type="ParameterizedTest" name="Is-Collection.Given a collection '&lt;value&gt;' of type '&lt;type&gt;' it returns $true" executed="True" result="Success" success="True" time="0.2344" asserts="0" description="Given a collection '&lt;value&gt;' of type '&lt;type&gt;' it returns $true">
                <results>
                  <test-case description="Given a collection '@()' of type '&lt;type&gt;' it returns $true" name="Is-Collection.Given a collection '@()' of type '&lt;type&gt;' it returns $true" time="0.123" asserts="0" success="True" result="Success" executed="True" />
                  <test-case description="Given a collection '@(1, 2, 3)' of type '&lt;type&gt;' it returns $true" name="Is-Collection.Given a collection '@(1, 2, 3)' of type '&lt;type&gt;' it returns $true" time="0.0147" asserts="0" success="True" result="Success" executed="True" />
                  <test-case description="Given a collection '1' of type '&lt;type&gt;' it returns $true" name="Is-Collection.Given a collection '1' of type '&lt;type&gt;' it returns $true" time="0.0247" asserts="0" success="True" result="Success" executed="True" />
                  <test-case description="Given a collection '2' of type '&lt;type&gt;' it returns $true" name="Is-Collection.Given a collection '2' of type '&lt;type&gt;' it returns $true" time="0.0282" asserts="0" success="True" result="Success" executed="True" />
                  <test-case description="Given a collection '@(1, 2, 3)' of type '&lt;type&gt;' it returns $true" name="Is-Collection.Given a collection '@(1, 2, 3)' of type '&lt;type&gt;' it returns $true" time="0.019" asserts="0" success="True" result="Success" executed="True" />
                  <test-case description="Given a collection '@(System.Diagnostics.Process (ApMsgFwd), System.Diagnostics.Process (ApntEx), System.Diagnostics.Process (Apoint), System.Diagnostics.Process (ApplicationFrameHost), System.Diagnostics.Process (armsvc), System.Diagnostics.Process (audiodg), System.Diagnostics.Process (bash), System.Diagnostics.Process (Calculator), System.Diagnostics.Process (chrome), System.Diagnostics.Process (chrome))' of type '&lt;type&gt;' it returns $true" name="Is-Collection.Given a collection '@(System.Diagnostics.Process (ApMsgFwd), System.Diagnostics.Process (ApntEx), System.Diagnostics.Process (Apoint), System.Diagnostics.Process (ApplicationFrameHost), System.Diagnostics.Process (armsvc), System.Diagnostics.Process (audiodg), System.Diagnostics.Process (bash), System.Diagnostics.Process (Calculator), System.Diagnostics.Process (chrome), System.Diagnostics.Process (chrome))' of type '&lt;type&gt;' it returns $true" time="0.0249" asserts="0" success="True" result="Success" executed="True" />
                </results>
              </test-suite>
              <test-case description="Given $null it returns $false" name="Is-Collection.Given $null it returns $false" time="0.0308" asserts="0" success="True" result="Success" executed="True" />
              <test-suite type="ParameterizedTest" name="Is-Collection.Given an object '&lt;value&gt;' of type '&lt;type&gt;' that is not a collection it returns $false" executed="True" result="Success" success="True" time="0.3843" asserts="0" description="Given an object '&lt;value&gt;' of type '&lt;type&gt;' that is not a collection it returns $false">
                <results>
                  <test-case description="Given an object 'a' of type '&lt;type&gt;' that is not a collection it returns $false" name="Is-Collection.Given an object 'a' of type '&lt;type&gt;' that is not a collection it returns $false" time="0.0516" asserts="0" success="True" result="Success" executed="True" />
                  <test-case description="Given an object 'a' of type '&lt;type&gt;' that is not a collection it returns $false" name="Is-Collection.Given an object 'a' of type '&lt;type&gt;' that is not a collection it returns $false" time="0.0152" asserts="0" success="True" result="Success" executed="True" />
                  <test-case description="Given an object '1' of type '&lt;type&gt;' that is not a collection it returns $false" name="Is-Collection.Given an object '1' of type '&lt;type&gt;' that is not a collection it returns $false" time="0.0263" asserts="0" success="True" result="Success" executed="True" />
                  <test-case description="Given an object '1' of type '&lt;type&gt;' that is not a collection it returns $false" name="Is-Collection.Given an object '1' of type '&lt;type&gt;' that is not a collection it returns $false" time="0.0198" asserts="0" success="True" result="Success" executed="True" />
                  <test-case description="Given an object '1.1' of type '&lt;type&gt;' that is not a collection it returns $false" name="Is-Collection.Given an object '1.1' of type '&lt;type&gt;' that is not a collection it returns $false" time="0.0187" asserts="0" success="True" result="Success" executed="True" />
                  <test-case description="Given an object '101' of type '&lt;type&gt;' that is not a collection it returns $false" name="Is-Collection.Given an object '101' of type '&lt;type&gt;' that is not a collection it returns $false" time="0.0191" asserts="0" success="True" result="Success" executed="True" />
                  <test-case description="Given an object '101' of type '&lt;type&gt;' that is not a collection it returns $false" name="Is-Collection.Given an object '101' of type '&lt;type&gt;' that is not a collection it returns $false" time="0.0311" asserts="0" success="True" result="Success" executed="True" />
                  <test-case description="Given an object '101' of type '&lt;type&gt;' that is not a collection it returns $false" name="Is-Collection.Given an object '101' of type '&lt;type&gt;' that is not a collection it returns $false" time="0.0185" asserts="0" success="True" result="Success" executed="True" />
                  <test-case description="Given an object '101.1' of type '&lt;type&gt;' that is not a collection it returns $false" name="Is-Collection.Given an object '101.1' of type '&lt;type&gt;' that is not a collection it returns $false" time="0.0186" asserts="0" success="True" result="Success" executed="True" />
                  <test-case description="Given an object '1048576' of type '&lt;type&gt;' that is not a collection it returns $false" name="Is-Collection.Given an object '1048576' of type '&lt;type&gt;' that is not a collection it returns $false" time="0.0199" asserts="0" success="True" result="Success" executed="True" />
                  <test-case description="Given an object '1048576' of type '&lt;type&gt;' that is not a collection it returns $false" name="Is-Collection.Given an object '1048576' of type '&lt;type&gt;' that is not a collection it returns $false" time="0.0227" asserts="0" success="True" result="Success" executed="True" />
                  <test-case description="Given an object '1153433.6' of type '&lt;type&gt;' that is not a collection it returns $false" name="Is-Collection.Given an object '1153433.6' of type '&lt;type&gt;' that is not a collection it returns $false" time="0.0174" asserts="0" success="True" result="Success" executed="True" />
                  <test-case description="Given an object '{}' of type '&lt;type&gt;' that is not a collection it returns $false" name="Is-Collection.Given an object '{}' of type '&lt;type&gt;' that is not a collection it returns $false" time="0.0235" asserts="0" success="True" result="Success" executed="True" />
                  <test-case description="Given an object 'System.Collections.Hashtable' of type '&lt;type&gt;' that is not a collection it returns $false" name="Is-Collection.Given an object 'System.Collections.Hashtable' of type '&lt;type&gt;' that is not a collection it returns $false" time="0.0236" asserts="0" success="True" result="Success" executed="True" />
                  <test-case description="Given an object 'System.Collections.Hashtable' of type '&lt;type&gt;' that is not a collection it returns $false" name="Is-Collection.Given an object 'System.Collections.Hashtable' of type '&lt;type&gt;' that is not a collection it returns $false" time="0.0202" asserts="0" success="True" result="Success" executed="True" />
                  <test-case description="Given an object 'System.Diagnostics.Process (powershell)' of type '&lt;type&gt;' that is not a collection it returns $false" name="Is-Collection.Given an object 'System.Diagnostics.Process (powershell)' of type '&lt;type&gt;' that is not a collection it returns $false" time="0.0185" asserts="0" success="True" result="Success" executed="True" />
                  <test-case description="Given an object 'System.Diagnostics.Process' of type '&lt;type&gt;' that is not a collection it returns $false" name="Is-Collection.Given an object 'System.Diagnostics.Process' of type '&lt;type&gt;' that is not a collection it returns $false" time="0.0196" asserts="0" success="True" result="Success" executed="True" />
                </results>
              </test-suite>
            </results>
          </test-suite>
        </results>
      </test-suite>
      <test-suite type="TestFixture" name="D:\_Studium\zSemester5\SA\GitRepo\SourceCode\Pester\Examples\Calculator\Add-Numbers.Tests.ps1" executed="True" result="Success" success="True" time="0.4521" asserts="0" description="D:\_Studium\zSemester5\SA\GitRepo\SourceCode\Pester\Examples\Calculator\Add-Numbers.Tests.ps1">
        <results>
          <test-suite type="TestFixture" name="Add-Numbers" executed="True" result="Success" success="True" time="0.4521" asserts="0" description="Add-Numbers">
            <results>
              <test-case description="adds positive numbers" name="Add-Numbers.adds positive numbers" time="0.3237" asserts="0" success="True" result="Success" executed="True" />
              <test-case description="adds negative numbers" name="Add-Numbers.adds negative numbers" time="0.026" asserts="0" success="True" result="Success" executed="True" />
              <test-case description="adds one negative number to positive number" name="Add-Numbers.adds one negative number to positive number" time="0.0298" asserts="0" success="True" result="Success" executed="True" />
              <test-case description="concatenates strings if given strings" name="Add-Numbers.concatenates strings if given strings" time="0.0433" asserts="0" success="True" result="Success" executed="True" />
              <test-case description="should not be 0" name="Add-Numbers.should not be 0" time="0.0294" asserts="0" success="True" result="Success" executed="True" />
            </results>
          </test-suite>
        </results>
      </test-suite>
      <test-suite type="TestFixture" name="D:\_Studium\zSemester5\SA\GitRepo\SourceCode\Pester\Examples\Planets\Get-Planet.Tests.ps1" executed="True" result="Success" success="True" time="0.5209" asserts="0" description="D:\_Studium\zSemester5\SA\GitRepo\SourceCode\Pester\Examples\Planets\Get-Planet.Tests.ps1">
        <results>
          <test-suite type="TestFixture" name="Get-Planet" executed="True" result="Success" success="True" time="0.5209" asserts="0" description="Get-Planet">
            <results>
              <test-suite type="TestFixture" name="Filtering by Name" executed="True" result="Success" success="True" time="0.296" asserts="0" description="Filtering by Name">
                <results>
                  <test-suite type="ParameterizedTest" name="Get-Planet.Filtering by Name.Given valid -Name '&lt;Filter&gt;', it returns '&lt;Expected&gt;'" executed="True" result="Success" success="True" time="0.2383" asserts="0" description="Given valid -Name '&lt;Filter&gt;', it returns '&lt;Expected&gt;'">
                    <results>
                      <test-case description="Given valid -Name 'Earth', it returns 'Earth'" name="Get-Planet.Filtering by Name.Given valid -Name 'Earth', it returns 'Earth'" time="0.145" asserts="0" success="True" result="Success" executed="True" />
                      <test-case description="Given valid -Name 'ne*', it returns 'Neptune'" name="Get-Planet.Filtering by Name.Given valid -Name 'ne*', it returns 'Neptune'" time="0.0254" asserts="0" success="True" result="Success" executed="True" />
                      <test-case description="Given valid -Name 'ur*', it returns 'Uranus'" name="Get-Planet.Filtering by Name.Given valid -Name 'ur*', it returns 'Uranus'" time="0.0236" asserts="0" success="True" result="Success" executed="True" />
                      <test-case description="Given valid -Name 'm*', it returns '@('Mercury', 'Mars')'" name="Get-Planet.Filtering by Name.Given valid -Name 'm*', it returns '@('Mercury', 'Mars')'" time="0.0443" asserts="0" success="True" result="Success" executed="True" />
                    </results>
                  </test-suite>
                  <test-case description="Given invalid parameter -Name 'Alpha Centauri', it returns $null" name="Get-Planet.Filtering by Name.Given invalid parameter -Name 'Alpha Centauri', it returns $null" time="0.0577" asserts="0" success="True" result="Success" executed="True" />
                </results>
              </test-suite>
              <test-case description="Given no parameters, it lists all 8 planets" name="Get-Planet.Given no parameters, it lists all 8 planets" time="0.2249" asserts="0" success="True" result="Success" executed="True" />
            </results>
          </test-suite>
        </results>
      </test-suite>
      <test-suite type="TestFixture" name="D:\_Studium\zSemester5\SA\GitRepo\SourceCode\Pester\Examples\Validator\Validator.Tests.ps1" executed="True" result="Success" success="True" time="1.0957" asserts="0" description="D:\_Studium\zSemester5\SA\GitRepo\SourceCode\Pester\Examples\Validator\Validator.Tests.ps1">
        <results>
          <test-suite type="TestFixture" name="Testing a validator" executed="True" result="Success" success="True" time="0.9054" asserts="0" description="Testing a validator">
            <results>
              <test-case description="calls MyValidator" name="Testing a validator.calls MyValidator" time="0.9054" asserts="0" success="True" result="Success" executed="True" />
            </results>
          </test-suite>
          <test-suite type="TestFixture" name="MyValidator" executed="True" result="Success" success="True" time="0.1902" asserts="0" description="MyValidator">
            <results>
              <test-case description="passes things that start with the letter S" name="MyValidator.passes things that start with the letter S" time="0.1547" asserts="0" success="True" result="Success" executed="True" />
              <test-case description="does not pass a param that does not start with S" name="MyValidator.does not pass a param that does not start with S" time="0.0355" asserts="0" success="True" result="Success" executed="True" />
            </results>
          </test-suite>
        </results>
      </test-suite>
      <test-suite type="TestFixture" name="D:\_Studium\zSemester5\SA\GitRepo\SourceCode\Pester\Functions\Assertions\Be.Tests.ps1" executed="True" result="Success" success="True" time="2.1354" asserts="0" description="D:\_Studium\zSemester5\SA\GitRepo\SourceCode\Pester\Functions\Assertions\Be.Tests.ps1">
        <results>
          <test-suite type="TestFixture" name="PesterBe" executed="True" result="Success" success="True" time="1.2922" asserts="0" description="PesterBe">
            <results>
              <test-case description="returns true if the 2 arguments are equal" name="PesterBe.returns true if the 2 arguments are equal" time="0.2862" asserts="0" success="True" result="Success" executed="True" />
              <test-case description="returns true if the 2 arguments are equal and have different case" name="PesterBe.returns true if the 2 arguments are equal and have different case" time="0.0528" asserts="0" success="True" result="Success" executed="True" />
              <test-case description="returns false if the 2 arguments are not equal" name="PesterBe.returns false if the 2 arguments are not equal" time="0.0379" asserts="0" success="True" result="Success" executed="True" />
              <test-case description="Compares Arrays properly" name="PesterBe.Compares Arrays properly" time="0.0499" asserts="0" success="True" result="Success" executed="True" />
              <test-case description="Compares arrays with correct case-insensitive behavior" name="PesterBe.Compares arrays with correct case-insensitive behavior" time="0.0393" asserts="0" success="True" result="Success" executed="True" />
              <test-case description="Handles reference types properly" name="PesterBe.Handles reference types properly" time="0.0779" asserts="0" success="True" result="Success" executed="True" />
              <test-case description="Handles arrays with nested arrays" name="PesterBe.Handles arrays with nested arrays" time="0.1625" asserts="0" success="True" result="Success" executed="True" />
              <test-case description="returns true if the actual value can be cast to the expected value and they are the same value" name="PesterBe.returns true if the actual value can be cast to the expected value and they are the same value" time="0.0462" asserts="0" success="True" result="Success" executed="True" />
              <test-case description="returns true if the actual value can be cast to the expected value and they are the same value (case sensitive)" name="PesterBe.returns true if the actual value can be cast to the expected value and they are the same value (case sensitive)" time="0.0743" asserts="0" success="True" result="Success" executed="True" />
              <test-case description="Does not overflow on IEnumerable" name="PesterBe.Does not overflow on IEnumerable" time="0.0442" asserts="0" success="True" result="Success" executed="True" />
              <test-case description="throws exception when self-imposed recursion limit is reached" name="PesterBe.throws exception when self-imposed recursion limit is reached" time="0.421" asserts="0" success="True" result="Success" executed="True" />
            </results>
          </test-suite>
          <test-suite type="TestFixture" name="PesterBeFailureMessage" executed="True" result="Success" success="True" time="0.4444" asserts="0" description="PesterBeFailureMessage">
            <results>
              <test-case description="Returns nothing for two identical strings" name="PesterBeFailureMessage.Returns nothing for two identical strings" time="0.1427" asserts="0" success="True" result="Success" executed="True" />
              <test-case description="Outputs less verbose message for two different objects that are not strings" name="PesterBeFailureMessage.Outputs less verbose message for two different objects that are not strings" time="0.0282" asserts="0" success="True" result="Success" executed="True" />
              <test-case description="Outputs less verbose message for two different objects that are not strings, with reason" name="PesterBeFailureMessage.Outputs less verbose message for two different objects that are not strings, with reason" time="0.0252" asserts="0" success="True" result="Success" executed="True" />
              <test-case description="Outputs verbose message for two strings of different length" name="PesterBeFailureMessage.Outputs verbose message for two strings of different length" time="0.0335" asserts="0" success="True" result="Success" executed="True" />
              <test-case description="Outputs verbose message for two strings of different length" name="PesterBeFailureMessage.Outputs verbose message for two strings of different length" time="0.0312" asserts="0" success="True" result="Success" executed="True" />
              <test-case description="Outputs verbose message for two different strings of the same length" name="PesterBeFailureMessage.Outputs verbose message for two different strings of the same length" time="0.0302" asserts="0" success="True" result="Success" executed="True" />
              <test-case description="Replaces non-printable characters correctly" name="PesterBeFailureMessage.Replaces non-printable characters correctly" time="0.0871" asserts="0" success="True" result="Success" executed="True" />
              <test-case description="The arrow points to the correct position when non-printable characters are replaced before the difference" name="PesterBeFailureMessage.The arrow points to the correct position when non-printable characters are replaced before the difference" time="0.0337" asserts="0" success="True" result="Success" executed="True" />
              <test-case description="The arrow points to the correct position when non-printable characters are replaced after the difference" name="PesterBeFailureMessage.The arrow points to the correct position when non-printable characters are replaced after the difference" time="0.0326" asserts="0" success="True" result="Success" executed="True" />
            </results>
          </test-suite>
          <test-suite type="TestFixture" name="BeExactly" executed="True" result="Success" success="True" time="0.3051" asserts="0" description="BeExactly">
            <results>
              <test-case description="passes if letter case matches" name="BeExactly.passes if letter case matches" time="0.1249" asserts="0" success="True" result="Success" executed="True" />
              <test-case description="fails if letter case doesn't match" name="BeExactly.fails if letter case doesn't match" time="0.0323" asserts="0" success="True" result="Success" executed="True" />
              <test-case description="passes for numbers" name="BeExactly.passes for numbers" time="0.0537" asserts="0" success="True" result="Success" executed="True" />
              <test-case description="Compares Arrays properly" name="BeExactly.Compares Arrays properly" time="0.0446" asserts="0" success="True" result="Success" executed="True" />
              <test-case description="Compares arrays with correct case-sensitive behavior" name="BeExactly.Compares arrays with correct case-sensitive behavior" time="0.0495" asserts="0" success="True" result="Success" executed="True" />
            </results>
          </test-suite>
          <test-suite type="TestFixture" name="PesterBeExactlyFailureMessage" executed="True" result="Success" success="True" time="0.0938" asserts="0" description="PesterBeExactlyFailureMessage">
            <results>
              <test-case description="Writes verbose message for strings that differ by case" name="PesterBeExactlyFailureMessage.Writes verbose message for strings that differ by case" time="0.0938" asserts="0" success="True" result="Success" executed="True" />
            </results>
          </test-suite>
        </results>
      </test-suite>
      <test-suite type="TestFixture" name="D:\_Studium\zSemester5\SA\GitRepo\SourceCode\Pester\Functions\Assertions\BeGreaterThan.Tests.ps1" executed="True" result="Success" success="True" time="1.5572" asserts="0" description="D:\_Studium\zSemester5\SA\GitRepo\SourceCode\Pester\Functions\Assertions\BeGreaterThan.Tests.ps1">
        <results>
          <test-suite type="TestFixture" name="Should -BeGreaterThan" executed="True" result="Success" success="True" time="0.5356" asserts="0" description="Should -BeGreaterThan">
            <results>
              <test-case description="passes if value greater than expected" name="Should -BeGreaterThan.passes if value greater than expected" time="0.2042" asserts="0" success="True" result="Success" executed="True" />
              <test-case description="fails if values equal" name="Should -BeGreaterThan.fails if values equal" time="0.1226" asserts="0" success="True" result="Success" executed="True" />
              <test-case description="fails if value less than expected" name="Should -BeGreaterThan.fails if value less than expected" time="0.1026" asserts="0" success="True" result="Success" executed="True" />
              <test-case description="returns the correct assertion message" name="Should -BeGreaterThan.returns the correct assertion message" time="0.0672" asserts="0" success="True" result="Success" executed="True" />
              <test-case description="passes when expected value is negative" name="Should -BeGreaterThan.passes when expected value is negative" time="0.039" asserts="0" success="True" result="Success" executed="True" />
            </results>
          </test-suite>
          <test-suite type="TestFixture" name="Should -Not -BeGreaterThan" executed="True" result="Success" success="True" time="0.3522" asserts="0" description="Should -Not -BeGreaterThan">
            <results>
              <test-case description="passes if value is lower than the expected value" name="Should -Not -BeGreaterThan.passes if value is lower than the expected value" time="0.1091" asserts="0" success="True" result="Success" executed="True" />
              <test-case description="passes if value is equal to the expected value" name="Should -Not -BeGreaterThan.passes if value is equal to the expected value" time="0.0385" asserts="0" success="True" result="Success" executed="True" />
              <test-case description="fails if value is greater than the expected value" name="Should -Not -BeGreaterThan.fails if value is greater than the expected value" time="0.106" asserts="0" success="True" result="Success" executed="True" />
              <test-case description="passes when expected value is negative" name="Should -Not -BeGreaterThan.passes when expected value is negative" time="0.0371" asserts="0" success="True" result="Success" executed="True" />
              <test-case description="returns the correct assertion message" name="Should -Not -BeGreaterThan.returns the correct assertion message" time="0.0614" asserts="0" success="True" result="Success" executed="True" />
            </results>
          </test-suite>
          <test-suite type="TestFixture" name="Should -BeLessOrEqual" executed="True" result="Success" success="True" time="0.6695" asserts="0" description="Should -BeLessOrEqual">
            <results>
              <test-suite type="TestFixture" name="Should -Not -BeLessOrEqual" executed="True" result="Success" success="True" time="0.3577" asserts="0" description="Should -Not -BeLessOrEqual">
                <results>
                  <test-case description="passes if value greater than expected" name="Should -BeLessOrEqual.Should -Not -BeLessOrEqual.passes if value greater than expected" time="0.0844" asserts="0" success="True" result="Success" executed="True" />
                  <test-case description="fails if values equal" name="Should -BeLessOrEqual.Should -Not -BeLessOrEqual.fails if values equal" time="0.0839" asserts="0" success="True" result="Success" executed="True" />
                  <test-case description="fails if value less than expected" name="Should -BeLessOrEqual.Should -Not -BeLessOrEqual.fails if value less than expected" time="0.0891" asserts="0" success="True" result="Success" executed="True" />
                  <test-case description="passes when expected value is negative" name="Should -BeLessOrEqual.Should -Not -BeLessOrEqual.passes when expected value is negative" time="0.0401" asserts="0" success="True" result="Success" executed="True" />
                  <test-case description="returns the correct assertion message" name="Should -BeLessOrEqual.Should -Not -BeLessOrEqual.returns the correct assertion message" time="0.0601" asserts="0" success="True" result="Success" executed="True" />
                </results>
              </test-suite>
              <test-case description="passes if value is less than the expected value" name="Should -BeLessOrEqual.passes if value is less than the expected value" time="0.1059" asserts="0" success="True" result="Success" executed="True" />
              <test-case description="passes if value is equal to the expected value" name="Should -BeLessOrEqual.passes if value is equal to the expected value" time="0.0281" asserts="0" success="True" result="Success" executed="True" />
              <test-case description="fails if value is greater than the expected value" name="Should -BeLessOrEqual.fails if value is greater than the expected value" time="0.0733" asserts="0" success="True" result="Success" executed="True" />
              <test-case description="passes when expected value is negative" name="Should -BeLessOrEqual.passes when expected value is negative" time="0.0424" asserts="0" success="True" result="Success" executed="True" />
              <test-case description="returns the correct assertion message" name="Should -BeLessOrEqual.returns the correct assertion message" time="0.062" asserts="0" success="True" result="Success" executed="True" />
            </results>
          </test-suite>
        </results>
      </test-suite>
      <test-suite type="TestFixture" name="D:\_Studium\zSemester5\SA\GitRepo\SourceCode\Pester\Functions\Assertions\BeIn.Tests.ps1" executed="True" result="Success" success="True" time="0.6276" asserts="0" description="D:\_Studium\zSemester5\SA\GitRepo\SourceCode\Pester\Functions\Assertions\BeIn.Tests.ps1">
        <results>
          <test-suite type="TestFixture" name="Should -BeIn" executed="True" result="Success" success="True" time="0.3655" asserts="0" description="Should -BeIn">
            <results>
              <test-case description="passes if value is in the collection" name="Should -BeIn.passes if value is in the collection" time="0.2034" asserts="0" success="True" result="Success" executed="True" />
              <test-case description="fails if value is not in the collection" name="Should -BeIn.fails if value is not in the collection" time="0.0978" asserts="0" success="True" result="Success" executed="True" />
              <test-case description="returns the correct assertion message" name="Should -BeIn.returns the correct assertion message" time="0.0643" asserts="0" success="True" result="Success" executed="True" />
            </results>
          </test-suite>
          <test-suite type="TestFixture" name="Should -Not -BeIn" executed="True" result="Success" success="True" time="0.2621" asserts="0" description="Should -Not -BeIn">
            <results>
              <test-case description="passes if value is not in the collection" name="Should -Not -BeIn.passes if value is not in the collection" time="0.1065" asserts="0" success="True" result="Success" executed="True" />
              <test-case description="fails if value is in the collection" name="Should -Not -BeIn.fails if value is in the collection" time="0.0819" asserts="0" success="True" result="Success" executed="True" />
              <test-case description="returns the correct assertion message" name="Should -Not -BeIn.returns the correct assertion message" time="0.0737" asserts="0" success="True" result="Success" executed="True" />
            </results>
          </test-suite>
        </results>
      </test-suite>
      <test-suite type="TestFixture" name="D:\_Studium\zSemester5\SA\GitRepo\SourceCode\Pester\Functions\Assertions\BeLessThan.Tests.ps1" executed="True" result="Success" success="True" time="1.5531" asserts="0" description="D:\_Studium\zSemester5\SA\GitRepo\SourceCode\Pester\Functions\Assertions\BeLessThan.Tests.ps1">
        <results>
          <test-suite type="TestFixture" name="Should -BeLessThan" executed="True" result="Success" success="True" time="0.4534" asserts="0" description="Should -BeLessThan">
            <results>
              <test-case description="passes if value is less than expected" name="Should -BeLessThan.passes if value is less than expected" time="0.1719" asserts="0" success="True" result="Success" executed="True" />
              <test-case description="fails if values equal" name="Should -BeLessThan.fails if values equal" time="0.0909" asserts="0" success="True" result="Success" executed="True" />
              <test-case description="fails if value is greater than expected" name="Should -BeLessThan.fails if value is greater than expected" time="0.0972" asserts="0" success="True" result="Success" executed="True" />
              <test-case description="passes when expected value is negative" name="Should -BeLessThan.passes when expected value is negative" time="0.0354" asserts="0" success="True" result="Success" executed="True" />
              <test-case description="returns the correct assertion message" name="Should -BeLessThan.returns the correct assertion message" time="0.0579" asserts="0" success="True" result="Success" executed="True" />
            </results>
          </test-suite>
          <test-suite type="TestFixture" name="Should -Not -BeLessThan" executed="True" result="Success" success="True" time="0.4275" asserts="0" description="Should -Not -BeLessThan">
            <results>
              <test-case description="passes if value is greater than the expected value" name="Should -Not -BeLessThan.passes if value is greater than the expected value" time="0.1318" asserts="0" success="True" result="Success" executed="True" />
              <test-case description="passes if value is equal to the expected value" name="Should -Not -BeLessThan.passes if value is equal to the expected value" time="0.0432" asserts="0" success="True" result="Success" executed="True" />
              <test-case description="fails if value is less than the expected value" name="Should -Not -BeLessThan.fails if value is less than the expected value" time="0.1693" asserts="0" success="True" result="Success" executed="True" />
              <test-case description="passes when expected value is negative" name="Should -Not -BeLessThan.passes when expected value is negative" time="0.0291" asserts="0" success="True" result="Success" executed="True" />
              <test-case description="returns the correct assertion message" name="Should -Not -BeLessThan.returns the correct assertion message" time="0.0541" asserts="0" success="True" result="Success" executed="True" />
            </results>
          </test-suite>
          <test-suite type="TestFixture" name="Should -BeGreaterOrEqual" executed="True" result="Success" success="True" time="0.6723" asserts="0" description="Should -BeGreaterOrEqual">
            <results>
              <test-suite type="TestFixture" name="Should -Not -BeGreaterOrEqual" executed="True" result="Success" success="True" time="0.3651" asserts="0" description="Should -Not -BeGreaterOrEqual">
                <results>
                  <test-case description="passes if value is less than the expected value" name="Should -BeGreaterOrEqual.Should -Not -BeGreaterOrEqual.passes if value is less than the expected value" time="0.0851" asserts="0" success="True" result="Success" executed="True" />
                  <test-case description="fails if values equal" name="Should -BeGreaterOrEqual.Should -Not -BeGreaterOrEqual.fails if values equal" time="0.0876" asserts="0" success="True" result="Success" executed="True" />
                  <test-case description="fails if value greater than expected" name="Should -BeGreaterOrEqual.Should -Not -BeGreaterOrEqual.fails if value greater than expected" time="0.0919" asserts="0" success="True" result="Success" executed="True" />
                  <test-case description="passes when expected value is negative" name="Should -BeGreaterOrEqual.Should -Not -BeGreaterOrEqual.passes when expected value is negative" time="0.0394" asserts="0" success="True" result="Success" executed="True" />
                  <test-case description="returns the correct assertion message" name="Should -BeGreaterOrEqual.Should -Not -BeGreaterOrEqual.returns the correct assertion message" time="0.0612" asserts="0" success="True" result="Success" executed="True" />
                </results>
              </test-suite>
              <test-case description="passes if value is greater than the expected value" name="Should -BeGreaterOrEqual.passes if value is greater than the expected value" time="0.1118" asserts="0" success="True" result="Success" executed="True" />
              <test-case description="passes if value is equal to the expected value" name="Should -BeGreaterOrEqual.passes if value is equal to the expected value" time="0.0271" asserts="0" success="True" result="Success" executed="True" />
              <test-case description="fails if value is less than the expected value" name="Should -BeGreaterOrEqual.fails if value is less than the expected value" time="0.07" asserts="0" success="True" result="Success" executed="True" />
              <test-case description="passes when expected value is negative" name="Should -BeGreaterOrEqual.passes when expected value is negative" time="0.0373" asserts="0" success="True" result="Success" executed="True" />
              <test-case description="returns the correct assertion message" name="Should -BeGreaterOrEqual.returns the correct assertion message" time="0.0609" asserts="0" success="True" result="Success" executed="True" />
            </results>
          </test-suite>
        </results>
      </test-suite>
      <test-suite type="TestFixture" name="D:\_Studium\zSemester5\SA\GitRepo\SourceCode\Pester\Functions\Assertions\BeLike.Tests.ps1" executed="True" result="Success" success="True" time="0.6236" asserts="0" description="D:\_Studium\zSemester5\SA\GitRepo\SourceCode\Pester\Functions\Assertions\BeLike.Tests.ps1">
        <results>
          <test-suite type="TestFixture" name="Should -BeLike" executed="True" result="Success" success="True" time="0.3709" asserts="0" description="Should -BeLike">
            <results>
              <test-case description="passes for things that are like wildcard" name="Should -BeLike.passes for things that are like wildcard" time="0.2239" asserts="0" success="True" result="Success" executed="True" />
              <test-case description="passes for strings with different case" name="Should -BeLike.passes for strings with different case" time="0.0402" asserts="0" success="True" result="Success" executed="True" />
              <test-case description="fails for things that do not match" name="Should -BeLike.fails for things that do not match" time="0.0549" asserts="0" success="True" result="Success" executed="True" />
              <test-case description="returns the correct assertion message" name="Should -BeLike.returns the correct assertion message" time="0.052" asserts="0" success="True" result="Success" executed="True" />
            </results>
          </test-suite>
          <test-suite type="TestFixture" name="Should -Not -BeLike" executed="True" result="Success" success="True" time="0.2526" asserts="0" description="Should -Not -BeLike">
            <results>
              <test-case description="passes for things that are not like wildcard" name="Should -Not -BeLike.passes for things that are not like wildcard" time="0.0963" asserts="0" success="True" result="Success" executed="True" />
              <test-case description="fails for things that match" name="Should -Not -BeLike.fails for things that match" time="0.0563" asserts="0" success="True" result="Success" executed="True" />
              <test-case description="fails for strings with different case" name="Should -Not -BeLike.fails for strings with different case" time="0.0473" asserts="0" success="True" result="Success" executed="True" />
              <test-case description="returns the correct assertion message" name="Should -Not -BeLike.returns the correct assertion message" time="0.0528" asserts="0" success="True" result="Success" executed="True" />
            </results>
          </test-suite>
        </results>
      </test-suite>
      <test-suite type="TestFixture" name="D:\_Studium\zSemester5\SA\GitRepo\SourceCode\Pester\Functions\Assertions\BeLikeExactly.Tests.ps1" executed="True" result="Success" success="True" time="0.5641" asserts="0" description="D:\_Studium\zSemester5\SA\GitRepo\SourceCode\Pester\Functions\Assertions\BeLikeExactly.Tests.ps1">
        <results>
          <test-suite type="TestFixture" name="Should -BeLikeExactly" executed="True" result="Success" success="True" time="0.3119" asserts="0" description="Should -BeLikeExactly">
            <results>
              <test-case description="passes for things that are like wildcard" name="Should -BeLikeExactly.passes for things that are like wildcard" time="0.1462" asserts="0" success="True" result="Success" executed="True" />
              <test-case description="fails for strings with different case" name="Should -BeLikeExactly.fails for strings with different case" time="0.0545" asserts="0" success="True" result="Success" executed="True" />
              <test-case description="fails for things that do not match" name="Should -BeLikeExactly.fails for things that do not match" time="0.0582" asserts="0" success="True" result="Success" executed="True" />
              <test-case description="returns the correct assertion message" name="Should -BeLikeExactly.returns the correct assertion message" time="0.053" asserts="0" success="True" result="Success" executed="True" />
            </results>
          </test-suite>
          <test-suite type="TestFixture" name="Should -Not -BeLikeExactly" executed="True" result="Success" success="True" time="0.2522" asserts="0" description="Should -Not -BeLikeExactly">
            <results>
              <test-case description="passes for things that are not like wildcard" name="Should -Not -BeLikeExactly.passes for things that are not like wildcard" time="0.0931" asserts="0" success="True" result="Success" executed="True" />
              <test-case description="passes for strings with different case" name="Should -Not -BeLikeExactly.passes for strings with different case" time="0.04" asserts="0" success="True" result="Success" executed="True" />
              <test-case description="fails for things that match" name="Should -Not -BeLikeExactly.fails for things that match" time="0.0545" asserts="0" success="True" result="Success" executed="True" />
              <test-case description="returns the correct assertion message" name="Should -Not -BeLikeExactly.returns the correct assertion message" time="0.0646" asserts="0" success="True" result="Success" executed="True" />
            </results>
          </test-suite>
        </results>
      </test-suite>
      <test-suite type="TestFixture" name="D:\_Studium\zSemester5\SA\GitRepo\SourceCode\Pester\Functions\Assertions\BeNullOrEmpty.Tests.ps1" executed="True" result="Success" success="True" time="0.6657" asserts="0" description="D:\_Studium\zSemester5\SA\GitRepo\SourceCode\Pester\Functions\Assertions\BeNullOrEmpty.Tests.ps1">
        <results>
          <test-suite type="TestFixture" name="PesterBeNullOrEmpty" executed="True" result="Success" success="True" time="0.4415" asserts="0" description="PesterBeNullOrEmpty">
            <results>
              <test-case description="should return true if null" name="PesterBeNullOrEmpty.should return true if null" time="0.1936" asserts="0" success="True" result="Success" executed="True" />
              <test-case description="should return true if empty string" name="PesterBeNullOrEmpty.should return true if empty string" time="0.0356" asserts="0" success="True" result="Success" executed="True" />
              <test-case description="should return true if empty array" name="PesterBeNullOrEmpty.should return true if empty array" time="0.0324" asserts="0" success="True" result="Success" executed="True" />
              <test-case description="should pass if empty hashtable" name="PesterBeNullOrEmpty.should pass if empty hashtable" time="0.0392" asserts="0" success="True" result="Success" executed="True" />
              <test-case description="should throw if not-empty hashtable" name="PesterBeNullOrEmpty.should throw if not-empty hashtable" time="0.0924" asserts="0" success="True" result="Success" executed="True" />
              <test-case description="Should return false for non-empty strings or arrays" name="PesterBeNullOrEmpty.Should return false for non-empty strings or arrays" time="0.0483" asserts="0" success="True" result="Success" executed="True" />
            </results>
          </test-suite>
          <test-suite type="TestFixture" name="Should -BeNullOrEmpty" executed="True" result="Success" success="True" time="0.1095" asserts="0" description="Should -BeNullOrEmpty">
            <results>
              <test-case description="returns the correct assertion message" name="Should -BeNullOrEmpty.returns the correct assertion message" time="0.1095" asserts="0" success="True" result="Success" executed="True" />
            </results>
          </test-suite>
          <test-suite type="TestFixture" name="Should -Not -BeNullOrEmpty" executed="True" result="Success" success="True" time="0.1148" asserts="0" description="Should -Not -BeNullOrEmpty">
            <results>
              <test-case description="returns the correct assertion message" name="Should -Not -BeNullOrEmpty.returns the correct assertion message" time="0.1148" asserts="0" success="True" result="Success" executed="True" />
            </results>
          </test-suite>
        </results>
      </test-suite>
      <test-suite type="TestFixture" name="D:\_Studium\zSemester5\SA\GitRepo\SourceCode\Pester\Functions\Assertions\BeOfType.Tests.ps1" executed="True" result="Success" success="True" time="0.7178" asserts="0" description="D:\_Studium\zSemester5\SA\GitRepo\SourceCode\Pester\Functions\Assertions\BeOfType.Tests.ps1">
        <results>
          <test-suite type="TestFixture" name="PesterBeOfType" executed="True" result="Success" success="True" time="0.3242" asserts="0" description="PesterBeOfType">
            <results>
              <test-case description="passes if value is of the expected type" name="PesterBeOfType.passes if value is of the expected type" time="0.2033" asserts="0" success="True" result="Success" executed="True" />
              <test-case description="fails if value is of a different types" name="PesterBeOfType.fails if value is of a different types" time="0.0427" asserts="0" success="True" result="Success" executed="True" />
              <test-case description="throws argument execption if type isn't a loaded type" name="PesterBeOfType.throws argument execption if type isn't a loaded type" time="0.0782" asserts="0" success="True" result="Success" executed="True" />
            </results>
          </test-suite>
          <test-suite type="TestFixture" name="Should -BeOfType" executed="True" result="Success" success="True" time="0.2597" asserts="0" description="Should -BeOfType">
            <results>
              <test-case description="throws argument execption if type isn't a loaded type" name="Should -BeOfType.throws argument execption if type isn't a loaded type" time="0.1355" asserts="0" success="True" result="Success" executed="True" />
              <test-case description="returns the correct assertion message when actual value has a real type" name="Should -BeOfType.returns the correct assertion message when actual value has a real type" time="0.0723" asserts="0" success="True" result="Success" executed="True" />
              <test-case description="returns the correct assertion message when actual value is $null" name="Should -BeOfType.returns the correct assertion message when actual value is $null" time="0.0519" asserts="0" success="True" result="Success" executed="True" />
            </results>
          </test-suite>
          <test-suite type="TestFixture" name="Should -Not -BeOfType" executed="True" result="Success" success="True" time="0.1339" asserts="0" description="Should -Not -BeOfType">
            <results>
              <test-case description="throws argument execption if type isn't a loaded type" name="Should -Not -BeOfType.throws argument execption if type isn't a loaded type" time="0.08" asserts="0" success="True" result="Success" executed="True" />
              <test-case description="returns the correct assertion message when actual value has a real type" name="Should -Not -BeOfType.returns the correct assertion message when actual value has a real type" time="0.0539" asserts="0" success="True" result="Success" executed="True" />
            </results>
          </test-suite>
        </results>
      </test-suite>
      <test-suite type="TestFixture" name="D:\_Studium\zSemester5\SA\GitRepo\SourceCode\Pester\Functions\Assertions\BeTrueOrFalse.Tests.ps1" executed="True" result="Success" success="True" time="1.5724" asserts="0" description="D:\_Studium\zSemester5\SA\GitRepo\SourceCode\Pester\Functions\Assertions\BeTrueOrFalse.Tests.ps1">
        <results>
          <test-suite type="TestFixture" name="Should -BeTrue" executed="True" result="Success" success="True" time="0.5109" asserts="0" description="Should -BeTrue">
            <results>
              <test-suite type="TestFixture" name="Basic functionality" executed="True" result="Success" success="True" time="0.3306" asserts="0" description="Basic functionality">
                <results>
                  <test-case description="given true it passes" name="Should -BeTrue.Basic functionality.given true it passes" time="0.2306" asserts="0" success="True" result="Success" executed="True" />
                  <test-case description="given truthy it passes" name="Should -BeTrue.Basic functionality.given truthy it passes" time="0.0436" asserts="0" success="True" result="Success" executed="True" />
                  <test-case description="given false it fails" name="Should -BeTrue.Basic functionality.given false it fails" time="0.0564" asserts="0" success="True" result="Success" executed="True" />
                </results>
              </test-suite>
              <test-suite type="TestFixture" name="Testing messages" executed="True" result="Success" success="True" time="0.1803" asserts="0" description="Testing messages">
                <results>
[...]
              </test-suite>
              <test-suite type="TestFixture" name="The function [Set-DynamicParameterVariable] - Help" executed="True" result="Success" success="True" time="0.1276" asserts="0" description="The function [Set-DynamicParameterVariable] - Help">
                <results>
                  <test-case description="Synopsis for the function is filled up" name="Module Pester functions help.The function [Set-DynamicParameterVariable] - Help.Synopsis for the function is filled up" time="0.1276" asserts="0" success="True" result="Success" executed="True" />
                </results>
              </test-suite>
              <test-suite type="TestFixture" name="The function [Set-TestInconclusive] - Help" executed="True" result="Success" success="True" time="0.2149" asserts="0" description="The function [Set-TestInconclusive] - Help">
                <results>
                  <test-case description="Synopsis for the function is filled up" name="Module Pester functions help.The function [Set-TestInconclusive] - Help.Synopsis for the function is filled up" time="0.1633" asserts="0" success="True" result="Success" executed="True" />
                  <test-case description="Description for the function is filled up" name="Module Pester functions help.The function [Set-TestInconclusive] - Help.Description for the function is filled up" time="0.0116" asserts="0" success="True" result="Success" executed="True" />
                  <test-case description="The parameter [Message] contains description" name="Module Pester functions help.The function [Set-TestInconclusive] - Help.The parameter [Message] contains description" time="0.0124" asserts="0" success="True" result="Success" executed="True" />
                  <test-case description="Example - At least one example exist" name="Module Pester functions help.The function [Set-TestInconclusive] - Help.Example - At least one example exist" time="0.0124" asserts="0" success="True" result="Success" executed="True" />
                  <test-case description="Example - remarks on [ EXAMPLE 1 ] are filled up" name="Module Pester functions help.The function [Set-TestInconclusive] - Help.Example - remarks on [ EXAMPLE 1 ] are filled up" time="0.0152" asserts="0" success="True" result="Success" executed="True" />
                </results>
              </test-suite>
              <test-suite type="TestFixture" name="The function [Setup] - Help" executed="True" result="Success" success="True" time="0.0628" asserts="0" description="The function [Setup] - Help">
                <results>
                  <test-case description="Synopsis for the function is filled up" name="Module Pester functions help.The function [Setup] - Help.Synopsis for the function is filled up" time="0.0628" asserts="0" success="True" result="Success" executed="True" />
                </results>
              </test-suite>
              <test-suite type="TestFixture" name="The function [Should] - Help" executed="True" result="Success" success="True" time="0.0834" asserts="0" description="The function [Should] - Help">
                <results>
                  <test-case description="Synopsis for the function is filled up" name="Module Pester functions help.The function [Should] - Help.Synopsis for the function is filled up" time="0.0728" asserts="0" success="True" result="Success" executed="True" />
                  <test-case description="Description for the function is filled up" name="Module Pester functions help.The function [Should] - Help.Description for the function is filled up" time="0.0106" asserts="0" success="True" result="Success" executed="True" />
                </results>
              </test-suite>
            </results>
          </test-suite>
          <test-suite type="TestFixture" name="Contain-AnyStringLike" executed="True" result="Success" success="True" time="0.355" asserts="0" description="Contain-AnyStringLike">
            <results>
              <test-suite type="ParameterizedTest" name="Contain-AnyStringLike.Given a filter &lt;filter&gt; that does not match any items in collection &lt;collection&gt; it returns $false" executed="True" result="Success" success="True" time="0.2271" asserts="0" description="Given a filter &lt;filter&gt; that does not match any items in collection &lt;collection&gt; it returns $false">
                <results>
                  <test-case description="Given a filter Unit that does not match any items in collection Integration it returns $false" name="Contain-AnyStringLike.Given a filter Unit that does not match any items in collection Integration it returns $false" time="0.1437" asserts="0" success="True" result="Success" executed="True" />
                  <test-case description="Given a filter *Unit* that does not match any items in collection Integration it returns $false" name="Contain-AnyStringLike.Given a filter *Unit* that does not match any items in collection Integration it returns $false" time="0.0133" asserts="0" success="True" result="Success" executed="True" />
                  <test-case description="Given a filter @('*Unit*', 'IntegrationTest') that does not match any items in collection Integration it returns $false" name="Contain-AnyStringLike.Given a filter @('*Unit*', 'IntegrationTest') that does not match any items in collection Integration it returns $false" time="0.0156" asserts="0" success="True" result="Success" executed="True" />
                  <test-case description="Given a filter Unit that does not match any items in collection @('Low', 'Medium', 'High') it returns $false" name="Contain-AnyStringLike.Given a filter Unit that does not match any items in collection @('Low', 'Medium', 'High') it returns $false" time="0.0149" asserts="0" success="True" result="Success" executed="True" />
                  <test-case description="Given a filter *Unit* that does not match any items in collection @('Low', 'Medium', 'High') it returns $false" name="Contain-AnyStringLike.Given a filter *Unit* that does not match any items in collection @('Low', 'Medium', 'High') it returns $false" time="0.0396" asserts="0" success="True" result="Success" executed="True" />
                </results>
              </test-suite>
              <test-suite type="ParameterizedTest" name="Contain-AnyStringLike.Given a filter &lt;filter&gt; that matches one or more items in collection &lt;collection&gt; it returns $true" executed="True" result="Success" success="True" time="0.1279" asserts="0" description="Given a filter &lt;filter&gt; that matches one or more items in collection &lt;collection&gt; it returns $true">
                <results>
                  <test-case description="Given a filter Unit that matches one or more items in collection Unit it returns $true" name="Contain-AnyStringLike.Given a filter Unit that matches one or more items in collection Unit it returns $true" time="0.034" asserts="0" success="True" result="Success" executed="True" />
                  <test-case description="Given a filter *Unit* that matches one or more items in collection UnitTest it returns $true" name="Contain-AnyStringLike.Given a filter *Unit* that matches one or more items in collection UnitTest it returns $true" time="0.0158" asserts="0" success="True" result="Success" executed="True" />
                  <test-case description="Given a filter @('UnitTest', 'IntegrationTest') that matches one or more items in collection UnitTest it returns $true" name="Contain-AnyStringLike.Given a filter @('UnitTest', 'IntegrationTest') that matches one or more items in collection UnitTest it returns $true" time="0.0207" asserts="0" success="True" result="Success" executed="True" />
                  <test-case description="Given a filter Low that matches one or more items in collection @('Low', 'Medium', 'High') it returns $true" name="Contain-AnyStringLike.Given a filter Low that matches one or more items in collection @('Low', 'Medium', 'High') it returns $true" time="0.0174" asserts="0" success="True" result="Success" executed="True" />
                  <test-case description="Given a filter @('Low', 'Medium') that matches one or more items in collection @('Low', 'Medium', 'High') it returns $true" name="Contain-AnyStringLike.Given a filter @('Low', 'Medium') that matches one or more items in collection @('Low', 'Medium', 'High') it returns $true" time="0.0178" asserts="0" success="True" result="Success" executed="True" />
                  <test-case description="Given a filter l* that matches one or more items in collection @('Low', 'Medium', 'High') it returns $true" name="Contain-AnyStringLike.Given a filter l* that matches one or more items in collection @('Low', 'Medium', 'High') it returns $true" time="0.0222" asserts="0" success="True" result="Success" executed="True" />
                </results>
              </test-suite>
            </results>
          </test-suite>
          <test-suite type="TestFixture" name="Invoke-Pester happy path returns only test results" executed="True" result="Success" success="True" time="0.6715" asserts="0" description="Invoke-Pester happy path returns only test results">
            <results>
              <test-case description="Should swallow test output with -PassThru" name="Invoke-Pester happy path returns only test results.Should swallow test output with -PassThru" time="0.4121" asserts="0" success="True" result="Success" executed="True" />
              <test-case description="Should swallow test output without -PassThru" name="Invoke-Pester happy path returns only test results.Should swallow test output without -PassThru" time="0.2594" asserts="0" success="True" result="Success" executed="True" />
            </results>
          </test-suite>
          <test-suite type="TestFixture" name="Invoke-Pester swallows pipeline output from system-under-test" executed="True" result="Success" success="True" time="0.6861" asserts="0" description="Invoke-Pester swallows pipeline output from system-under-test">
            <results>
              <test-case description="Should swallow test output with -PassThru" name="Invoke-Pester swallows pipeline output from system-under-test.Should swallow test output with -PassThru" time="0.5229" asserts="0" success="True" result="Success" executed="True" />
              <test-case description="Should swallow test output without -PassThru" name="Invoke-Pester swallows pipeline output from system-under-test.Should swallow test output without -PassThru" time="0.1632" asserts="0" success="True" result="Success" executed="True" />
            </results>
          </test-suite>
          <test-suite type="TestFixture" name="Invoke-Pester swallows pipeline output from test script" executed="True" result="Success" success="True" time="0.6116" asserts="0" description="Invoke-Pester swallows pipeline output from test script">
            <results>
              <test-case description="Should swallow test output with -PassThru" name="Invoke-Pester swallows pipeline output from test script.Should swallow test output with -PassThru" time="0.3933" asserts="0" success="True" result="Success" executed="True" />
              <test-case description="Should swallow test output without -PassThru" name="Invoke-Pester swallows pipeline output from test script.Should swallow test output without -PassThru" time="0.2183" asserts="0" success="True" result="Success" executed="True" />
            </results>
          </test-suite>
        </results>
      </test-suite>
      <test-suite type="TestFixture" name="D:\_Studium\zSemester5\SA\GitRepo\SourceCode\SRI\FindEventLogs\GetAndCompareEvents.Tests.ps1" executed="True" result="Failure" success="False" time="3.9538" asserts="0" description="D:\_Studium\zSemester5\SA\GitRepo\SourceCode\SRI\FindEventLogs\GetAndCompareEvents.Tests.ps1">
        <results>
          <test-suite type="TestFixture" name="Get-EventLog -LogName System" executed="True" result="Success" success="True" time="3.817" asserts="0" description="Get-EventLog -LogName System">
            <results>
              <test-case description="Reads the System Logs" name="Get-EventLog -LogName System.Reads the System Logs" time="3.817" asserts="0" success="True" result="Success" executed="True" />
            </results>
          </test-suite>
          <test-suite type="TestFixture" name="GetAndExportEventLogs" executed="True" result="Success" success="True" time="0.0651" asserts="0" description="GetAndExportEventLogs">
            <results>
              <test-case description="Tests the function GetAndExportEventLogs" name="GetAndExportEventLogs.Tests the function GetAndExportEventLogs" time="0.0651" asserts="0" success="True" result="Success" executed="True" />
            </results>
          </test-suite>
          <test-suite type="TestFixture" name="Test File" executed="True" result="Failure" success="False" time="0.0717" asserts="0" description="Test File">
            <results>
              <test-case description="tests if the events file is availabale" name="Test File.tests if the events file is availabale" time="0.0717" asserts="0" success="False" result="Failure" executed="True">
                <failure>
                  <message>Expected path 'D:\_Studium\zSemester5\SA\GitRepo\SourceCode\myevents.csv' to exist, but it did not exist.</message>
                  <stack-trace>at &lt;ScriptBlock&gt;, D:\_Studium\zSemester5\SA\GitRepo\SourceCode\SRI\FindEventLogs\GetAndCompareEvents.Tests.ps1: line 20
20:     $exportFile | Should -Exist</stack-trace>
                </failure>
              </test-case>
            </results>
          </test-suite>
        </results>
      </test-suite>
      <test-suite type="TestFixture" name="D:\_Studium\zSemester5\SA\GitRepo\SourceCode\SRI\FindEventLogs\GetAndCompareEventsAsFunctions.Tests.ps1" executed="True" result="Failure" success="False" time="4.031" asserts="0" description="D:\_Studium\zSemester5\SA\GitRepo\SourceCode\SRI\FindEventLogs\GetAndCompareEventsAsFunctions.Tests.ps1">
        <results>
          <test-suite type="TestFixture" name="Get-EventLog -LogName System" executed="True" result="Success" success="True" time="3.7705" asserts="0" description="Get-EventLog -LogName System">
            <results>
              <test-case description="Reads the System Logs" name="Get-EventLog -LogName System.Reads the System Logs" time="3.7705" asserts="0" success="True" result="Success" executed="True" />
            </results>
          </test-suite>
          <test-suite type="TestFixture" name="ImportCompareExport" executed="True" result="Failure" success="False" time="0.1913" asserts="0" description="ImportCompareExport">
            <results>
              <test-case description="Tests the function ImportCompareExport" name="ImportCompareExport.Tests the function ImportCompareExport" time="0.1913" asserts="0" success="False" result="Failure" executed="True">
                <failure>
                  <message>The term 'ImportCompareExport' is not recognized as the name of a cmdlet, function, script file, or operable program. Check the spelling of the name, or if a path was included, verify that the path is correct and try again.</message>
                  <stack-trace>at &lt;ScriptBlock&gt;, D:\_Studium\zSemester5\SA\GitRepo\SourceCode\SRI\FindEventLogs\GetAndCompareEventsAsFunctions.Tests.ps1: line 22
22:     ImportCompareExport $exportFile $myEvents $xmlWriter $idsToCheck
</stack-trace>
                </failure>
              </test-case>
            </results>
          </test-suite>
          <test-suite type="TestFixture" name="Test File" executed="True" result="Failure" success="False" time="0.0693" asserts="0" description="Test File">
            <results>
              <test-case description="tests if the events file is availabale" name="Test File.tests if the events file is availabale" time="0.0693" asserts="0" success="False" result="Failure" executed="True">
                <failure>
                  <message>Expected path 'D:\_Studium\zSemester5\SA\GitRepo\SourceCode\myevents.csv' to exist, but it did not exist.</message>
                  <stack-trace>at &lt;ScriptBlock&gt;, D:\_Studium\zSemester5\SA\GitRepo\SourceCode\SRI\FindEventLogs\GetAndCompareEventsAsFunctions.Tests.ps1: line 30
30:     $exportFile | Should -Exist</stack-trace>
                </failure>
              </test-case>
            </results>
          </test-suite>
        </results>
      </test-suite>
      <test-suite type="TestFixture" name="D:\_Studium\zSemester5\SA\GitRepo\SourceCode\Trial\GetAndCompare\GetAndCompareEvents.Tests.ps1" executed="True" result="Failure" success="False" time="3.4745" asserts="0" description="D:\_Studium\zSemester5\SA\GitRepo\SourceCode\Trial\GetAndCompare\GetAndCompareEvents.Tests.ps1">
        <results>
          <test-suite type="TestFixture" name="Get-EventLog -LogName System" executed="True" result="Success" success="True" time="3.382" asserts="0" description="Get-EventLog -LogName System">
            <results>
              <test-case description="Reads the System Logs" name="Get-EventLog -LogName System.Reads the System Logs" time="3.382" asserts="0" success="True" result="Success" executed="True" />
            </results>
          </test-suite>
          <test-suite type="TestFixture" name="GetAndExportEventLogs" executed="True" result="Success" success="True" time="0.0397" asserts="0" description="GetAndExportEventLogs">
            <results>
              <test-case description="Tests the function GetAndExportEventLogs" name="GetAndExportEventLogs.Tests the function GetAndExportEventLogs" time="0.0397" asserts="0" success="True" result="Success" executed="True" />
            </results>
          </test-suite>
          <test-suite type="TestFixture" name="Test File" executed="True" result="Failure" success="False" time="0.0528" asserts="0" description="Test File">
            <results>
              <test-case description="tests if the events file is availabale" name="Test File.tests if the events file is availabale" time="0.0528" asserts="0" success="False" result="Failure" executed="True">
                <failure>
                  <message>Expected path 'D:\_Studium\zSemester5\SA\GitRepo\SourceCode\myevents.csv' to exist, but it did not exist.</message>
                  <stack-trace>at &lt;ScriptBlock&gt;, D:\_Studium\zSemester5\SA\GitRepo\SourceCode\Trial\GetAndCompare\GetAndCompareEvents.Tests.ps1: line 20
20:     $exportFile | Should -Exist</stack-trace>
                </failure>
              </test-case>
            </results>
          </test-suite>
        </results>
      </test-suite>
      <test-suite type="TestFixture" name="D:\_Studium\zSemester5\SA\GitRepo\SourceCode\Trial\GetAndCompare\GetAndCompareEventsAsFunctions.Tests.ps1" executed="True" result="Failure" success="False" time="0.1357" asserts="0" description="D:\_Studium\zSemester5\SA\GitRepo\SourceCode\Trial\GetAndCompare\GetAndCompareEventsAsFunctions.Tests.ps1">
        <results>
          <test-case description="Error occurred in test script 'D:\_Studium\zSemester5\SA\GitRepo\SourceCode\Trial\GetAndCompare\GetAndCompareEventsAsFunctions.Tests.ps1'" name="Error occurred in test script 'D:\_Studium\zSemester5\SA\GitRepo\SourceCode\Trial\GetAndCompare\GetAndCompareEventsAsFunctions.Tests.ps1'" time="0.1357" asserts="0" success="False" result="Failure" executed="True">
            <failure>
              <message>Exception calling ".ctor" with "2" argument(s): "The process cannot access the file 'C:\Windows\system32\resultOfEventLogs.xml' because it is being used by another process."</message>
              <stack-trace>at &lt;ScriptBlock&gt;, D:\_Studium\zSemester5\SA\GitRepo\SourceCode\Trial\GetAndCompare\GetAndCompareEventsAsFunctions.Tests.ps1: line 12</stack-trace>
            </failure>
          </test-case>
        </results>
      </test-suite>
    </results>
  </test-suite>
</test-results>